Base path: G:/Unity/Data
Pipe name: \\.\pipe\UnityShaderCompiler-1-7448
Cmd: getPlatforms
Cmd: preprocess
  insize=2508 outsize=1371 ok=1
Cmd: compileSnippet
  error: 2 plat 4 at (80): 'vert': output parameter 'o' not completely initialized
  error: 1 plat 4 at (109): implicit truncation of vector type
  api=4 type=0 insize=6535 outsize=0 kw=DIRECTIONAL SHADOWS_OFF LIGHTMAP_OFF DIRLIGHTMAP_OFF ok=0
Cmd: preprocess
  insize=3140 outsize=1574 ok=1
Cmd: compileSnippet
  error: 2 plat 4 at (91): 'vert': output parameter 'o' not completely initialized
  error: 1 plat 4 at (123): implicit truncation of vector type
  error: 1 plat 4 at (124): implicit truncation of vector type
  error: 1 plat 4 at (125): implicit truncation of vector type
  error: 1 plat 4 at (126): implicit truncation of vector type
  api=4 type=0 insize=6971 outsize=0 kw=DIRECTIONAL SHADOWS_OFF LIGHTMAP_OFF DIRLIGHTMAP_OFF ok=0
Cmd: preprocess
  insize=3645 outsize=1836 ok=1
Cmd: compileSnippet
  error: 2 plat 4 at (96): 'vert': output parameter 'o' not completely initialized
  error: 1 plat 4 at (124): 'texCUBE': implicit truncation of vector type
  error: 1 plat 4 at (131): implicit truncation of vector type
  error: 1 plat 4 at (132): implicit truncation of vector type
  error: 1 plat 4 at (133): implicit truncation of vector type
  error: 1 plat 4 at (134): implicit truncation of vector type
  error: 1 plat 4 at (135): implicit truncation of vector type
  api=4 type=0 insize=7591 outsize=0 kw=DIRECTIONAL SHADOWS_OFF LIGHTMAP_OFF DIRLIGHTMAP_OFF ok=0
Cmd: preprocess
  insize=2549 outsize=1393 ok=1
Cmd: compileSnippet
  error: 2 plat 4 at (81): 'vert': output parameter 'o' not completely initialized
  error: 1 plat 4 at (110): implicit truncation of vector type
  api=4 type=0 insize=6445 outsize=0 kw=DIRECTIONAL SHADOWS_OFF LIGHTMAP_OFF DIRLIGHTMAP_OFF ok=0
